#
# There is insufficient memory for the Java Runtime Environment to continue.
# Native memory allocation (malloc) failed to allocate 306416 bytes for Chunk::new
# Possible reasons:
#   The system is out of physical RAM or swap space
#   The process is running with CompressedOops enabled, and the Java Heap may be blocking the growth of the native heap
# Possible solutions:
#   Reduce memory load on the system
#   Increase physical memory or swap space
#   Check if swap backing store is full
#   Decrease Java heap size (-Xmx/-Xms)
#   Decrease number of Java threads
#   Decrease Java thread stack sizes (-Xss)
#   Set larger code cache with -XX:ReservedCodeCacheSize=
#   JVM is running with Zero Based Compressed Oops mode in which the Java heap is
#     placed in the first 32GB address space. The Java Heap base address is the
#     maximum limit for the native heap growth. Please use -XX:HeapBaseMinAddress
#     to set the Java Heap base and to place the Java Heap above 32GB virtual address.
# This output file may be truncated or incomplete.
#
#  Out of Memory Error (allocation.cpp:389), pid=17272, tid=0x000000000000e0b0
#
# JRE version: Java(TM) SE Runtime Environment (8.0_221-b11) (build 1.8.0_221-b11)
# Java VM: Java HotSpot(TM) 64-Bit Server VM (25.221-b11 mixed mode windows-amd64 compressed oops)
# Failed to write core dump. Minidumps are not enabled by default on client versions of Windows
#

---------------  T H R E A D  ---------------

Current thread (0x000000001e9a5800):  JavaThread "C2 CompilerThread2" daemon [_thread_in_native, id=57520, stack(0x000000001f470000,0x000000001f570000)]

Stack: [0x000000001f470000,0x000000001f570000]
[error occurred during error reporting (printing stack bounds), id 0xc0000005]

Native frames: (J=compiled Java code, j=interpreted, Vv=VM code, C=native code)


Current CompileTask:
C2: 177234 6248       4       org.springframework.core.annotation.AnnotationsScanner::processMethodHierarchy (274 bytes)


---------------  P R O C E S S  ---------------

Java Threads: ( => current thread )
  0x00000000249b5800 JavaThread "I/O dispatcher 16" [_thread_in_vm, id=38420, stack(0x000000003fab0000,0x000000003fbb0000)]
  0x00000000249b3000 JavaThread "I/O dispatcher 15" [_thread_in_native, id=40528, stack(0x000000003f9b0000,0x000000003fab0000)]
  0x00000000249b4800 JavaThread "I/O dispatcher 14" [_thread_in_native, id=46472, stack(0x000000003f8b0000,0x000000003f9b0000)]
  0x00000000249a8800 JavaThread "I/O dispatcher 13" [_thread_in_native, id=36220, stack(0x000000003f7b0000,0x000000003f8b0000)]
  0x00000000249ab000 JavaThread "I/O dispatcher 12" [_thread_in_native, id=34144, stack(0x000000003f6b0000,0x000000003f7b0000)]
  0x00000000249af800 JavaThread "I/O dispatcher 11" [_thread_in_native, id=61512, stack(0x000000003f5b0000,0x000000003f6b0000)]
  0x00000000249ae800 JavaThread "I/O dispatcher 10" [_thread_in_native, id=42084, stack(0x000000003f4b0000,0x000000003f5b0000)]
  0x00000000249a7000 JavaThread "I/O dispatcher 9" [_thread_in_native, id=48384, stack(0x000000003f3b0000,0x000000003f4b0000)]
  0x00000000249ab800 JavaThread "pool-3-thread-1" [_thread_in_native, id=58912, stack(0x000000003f2b0000,0x000000003f3b0000)]
  0x00000000249ad000 JavaThread "HikariPool-2 housekeeper" daemon [_thread_blocked, id=27716, stack(0x000000003f1b0000,0x000000003f2b0000)]
  0x00000000249a8000 JavaThread "PostgreSQL-JDBC-SharedTimer-2" daemon [_thread_blocked, id=57052, stack(0x000000003f0b0000,0x000000003f1b0000)]
  0x00000000249ac800 JavaThread "container-0" [_thread_blocked, id=56756, stack(0x000000003efb0000,0x000000003f0b0000)]
  0x00000000249a9800 JavaThread "Catalina-utility-2" [_thread_blocked, id=50880, stack(0x000000003eeb0000,0x000000003efb0000)]
  0x00000000249aa000 JavaThread "Catalina-utility-1" [_thread_blocked, id=54184, stack(0x000000003edb0000,0x000000003eeb0000)]
  0x00000000249ae000 JavaThread "restartedMain" [_thread_blocked, id=61944, stack(0x000000003ebb0000,0x000000003ecb0000)]
  0x00000000249b2800 JavaThread "Thread-2" [_thread_blocked, id=50520, stack(0x000000003e7b0000,0x000000003e8b0000)]
  0x00000000249a6800 JavaThread "DestroyJavaVM" [_thread_blocked, id=61488, stack(0x0000000002f80000,0x0000000003080000)]
  0x000000001ea36800 JavaThread "Service Thread" daemon [_thread_blocked, id=61732, stack(0x000000001f670000,0x000000001f770000)]
  0x000000001e9ac000 JavaThread "C1 CompilerThread3" daemon [_thread_blocked, id=31348, stack(0x000000001f570000,0x000000001f670000)]
=>0x000000001e9a5800 JavaThread "C2 CompilerThread2" daemon [_thread_in_native, id=57520, stack(0x000000001f470000,0x000000001f570000)]
  0x000000001e9a4800 JavaThread "C2 CompilerThread1" daemon [_thread_blocked, id=58828, stack(0x000000001f370000,0x000000001f470000)]
  0x000000001e9a2800 JavaThread "C2 CompilerThread0" daemon [_thread_blocked, id=63336, stack(0x000000001f270000,0x000000001f370000)]
  0x000000001e9a1000 JavaThread "Attach Listener" daemon [_thread_blocked, id=41340, stack(0x000000001f170000,0x000000001f270000)]
  0x000000001e9a0000 JavaThread "Signal Dispatcher" daemon [_thread_blocked, id=57840, stack(0x000000001f070000,0x000000001f170000)]
  0x000000001e980800 JavaThread "Finalizer" daemon [_thread_blocked, id=60144, stack(0x000000001ee60000,0x000000001ef60000)]
  0x000000000322e000 JavaThread "Reference Handler" daemon [_thread_blocked, id=37380, stack(0x000000001ed60000,0x000000001ee60000)]

Other Threads:
  0x000000001cb89800 VMThread [stack: 0x000000001e860000,0x000000001e960000] [id=46248]
  0x000000001e9bc000 WatcherThread [stack: 0x000000001f770000,0x000000001f870000] [id=62296]

VM state:synchronizing (normal execution)

VM Mutex/Monitor currently owned by a thread:  ([mutex/lock_event])
[0x0000000003134950] Threads_lock - owner thread: 0x000000001cb89800

heap address: 0x00000006c3000000, size: 4048 MB, Compressed Oops mode: Zero based, Oop shift amount: 3
Narrow klass base: 0x0000000000000000, Narrow klass shift: 3
Compressed class space size: 1073741824 Address: 0x00000007c0000000

Heap:
 PSYoungGen      total 377344K, used 135999K [0x000000076bb00000, 0x000000078b580000, 0x00000007c0000000)
  eden space 359424K, 37% used [0x000000076bb00000,0x0000000773fcff68,0x0000000781a00000)
  from space 17920K, 0% used [0x0000000781a00000,0x0000000781a00000,0x0000000782b80000)
  to   space 25600K, 0% used [0x0000000789c80000,0x0000000789c80000,0x000000078b580000)
 ParOldGen       total 160256K, used 45037K [0x00000006c3000000, 0x00000006ccc80000, 0x000000076bb00000)
  object space 160256K, 28% used [0x00000006c3000000,0x00000006c5bfb548,0x00000006ccc80000)
 Metaspace       used 80531K, capacity 84812K, committed 84912K, reserved 1122304K
  class space    used 11150K, capacity 12177K, committed 12240K, reserved 1048576K

Card table byte_map: [0x00000000125f0000,0x0000000012de0000] byte_map_base: 0x000000000efd8000

Marking Bits: (ParMarkBitMap*) 0x000000005db95ce0
 Begin Bits: [0x0000000013b30000, 0x0000000017a70000)
 End Bits:   [0x0000000017a70000, 0x000000001b9b0000)

Polling page: 0x0000000002cf0000

CodeCache: size=245760Kb used=17986Kb max_used=18017Kb free=227773Kb
 bounds [0x0000000003230000, 0x00000000043e0000, 0x0000000012230000]
 total_blobs=6248 nmethods=5557 adapters=602
 compilation: enabled

Compilation events (10 events):
Event: 177.112 Thread 0x000000001e9ac000 6460       2       org.springframework.asm.Type::getMethodDescriptor (74 bytes)
Event: 177.113 Thread 0x000000001e9ac000 nmethod 6460 0x00000000043d9910 code [0x00000000043d9b00, 0x00000000043da318]
Event: 177.113 Thread 0x000000001e9ac000 6462       2       org.springframework.asm.SymbolTable::addConstantNameAndType (137 bytes)
Event: 177.114 Thread 0x000000001e9ac000 nmethod 6462 0x00000000043daad0 code [0x00000000043dacc0, 0x00000000043db1e8]
Event: 177.114 Thread 0x000000001e9ac000 6461       2       org.springframework.asm.SymbolTable$Entry::<init> (18 bytes)
Event: 177.114 Thread 0x000000001e9ac000 nmethod 6461 0x00000000043db690 code [0x00000000043db800, 0x00000000043db9a8]
Event: 177.117 Thread 0x000000001e9ac000 6463       2       java.net.Inet4Address::<init> (29 bytes)
Event: 177.117 Thread 0x000000001e9ac000 nmethod 6463 0x00000000043dba50 code [0x00000000043dbba0, 0x00000000043dbdb0]
Event: 177.119 Thread 0x000000001e9ac000 6464       1       java.util.ServiceLoader::access$400 (5 bytes)
Event: 177.120 Thread 0x000000001e9ac000 nmethod 6464 0x00000000043dbe90 code [0x00000000043dbfe0, 0x00000000043dc0d0]

GC Heap History (10 events):
Event: 5.892 GC heap before
{Heap before GC invocations=9 (full 2):
 PSYoungGen      total 246784K, used 236032K [0x000000076bb00000, 0x000000077bb00000, 0x00000007c0000000)
  eden space 236032K, 100% used [0x000000076bb00000,0x000000077a180000,0x000000077a180000)
  from space 10752K, 0% used [0x000000077b080000,0x000000077b080000,0x000000077bb00000)
  to   space 12288K, 0% used [0x000000077a300000,0x000000077a300000,0x000000077af00000)
 ParOldGen       total 119296K, used 15628K [0x00000006c3000000, 0x00000006ca480000, 0x000000076bb00000)
  object space 119296K, 13% used [0x00000006c3000000,0x00000006c3f43210,0x00000006ca480000)
 Metaspace       used 53870K, capacity 55972K, committed 56528K, reserved 1097728K
  class space    used 7359K, capacity 7764K, committed 7888K, reserved 1048576K
Event: 5.904 GC heap after
Heap after GC invocations=9 (full 2):
 PSYoungGen      total 249856K, used 12264K [0x000000076bb00000, 0x0000000784280000, 0x00000007c0000000)
  eden space 237568K, 0% used [0x000000076bb00000,0x000000076bb00000,0x000000077a300000)
  from space 12288K, 99% used [0x000000077a300000,0x000000077aefa170,0x000000077af00000)
  to   space 17920K, 0% used [0x0000000783100000,0x0000000783100000,0x0000000784280000)
 ParOldGen       total 119296K, used 24337K [0x00000006c3000000, 0x00000006ca480000, 0x000000076bb00000)
  object space 119296K, 20% used [0x00000006c3000000,0x00000006c47c4518,0x00000006ca480000)
 Metaspace       used 53870K, capacity 55972K, committed 56528K, reserved 1097728K
  class space    used 7359K, capacity 7764K, committed 7888K, reserved 1048576K
}
Event: 6.312 GC heap before
{Heap before GC invocations=10 (full 2):
 PSYoungGen      total 249856K, used 75355K [0x000000076bb00000, 0x0000000784280000, 0x00000007c0000000)
  eden space 237568K, 26% used [0x000000076bb00000,0x000000076f89cb60,0x000000077a300000)
  from space 12288K, 99% used [0x000000077a300000,0x000000077aefa170,0x000000077af00000)
  to   space 17920K, 0% used [0x0000000783100000,0x0000000783100000,0x0000000784280000)
 ParOldGen       total 119296K, used 24337K [0x00000006c3000000, 0x00000006ca480000, 0x000000076bb00000)
  object space 119296K, 20% used [0x00000006c3000000,0x00000006c47c4518,0x00000006ca480000)
 Metaspace       used 57625K, capacity 60024K, committed 60080K, reserved 1101824K
  class space    used 7897K, capacity 8366K, committed 8400K, reserved 1048576K
Event: 6.319 GC heap after
Heap after GC invocations=10 (full 2):
 PSYoungGen      total 371712K, used 12004K [0x000000076bb00000, 0x0000000783d00000, 0x00000007c0000000)
  eden space 359424K, 0% used [0x000000076bb00000,0x000000076bb00000,0x0000000781a00000)
  from space 12288K, 97% used [0x0000000783100000,0x0000000783cb91a8,0x0000000783d00000)
  to   space 17920K, 0% used [0x0000000781a00000,0x0000000781a00000,0x0000000782b80000)
 ParOldGen       total 119296K, used 24345K [0x00000006c3000000, 0x00000006ca480000, 0x000000076bb00000)
  object space 119296K, 20% used [0x00000006c3000000,0x00000006c47c6518,0x00000006ca480000)
 Metaspace       used 57625K, capacity 60024K, committed 60080K, reserved 1101824K
  class space    used 7897K, capacity 8366K, committed 8400K, reserved 1048576K
}
Event: 6.319 GC heap before
{Heap before GC invocations=11 (full 3):
 PSYoungGen      total 371712K, used 12004K [0x000000076bb00000, 0x0000000783d00000, 0x00000007c0000000)
  eden space 359424K, 0% used [0x000000076bb00000,0x000000076bb00000,0x0000000781a00000)
  from space 12288K, 97% used [0x0000000783100000,0x0000000783cb91a8,0x0000000783d00000)
  to   space 17920K, 0% used [0x0000000781a00000,0x0000000781a00000,0x0000000782b80000)
 ParOldGen       total 119296K, used 24345K [0x00000006c3000000, 0x00000006ca480000, 0x000000076bb00000)
  object space 119296K, 20% used [0x00000006c3000000,0x00000006c47c6518,0x00000006ca480000)
 Metaspace       used 57625K, capacity 60024K, committed 60080K, reserved 1101824K
  class space    used 7897K, capacity 8366K, committed 8400K, reserved 1048576K
Event: 6.419 GC heap after
Heap after GC invocations=11 (full 3):
 PSYoungGen      total 371712K, used 0K [0x000000076bb00000, 0x0000000783d00000, 0x00000007c0000000)
  eden space 359424K, 0% used [0x000000076bb00000,0x000000076bb00000,0x0000000781a00000)
  from space 12288K, 0% used [0x0000000783100000,0x0000000783100000,0x0000000783d00000)
  to   space 17920K, 0% used [0x0000000781a00000,0x0000000781a00000,0x0000000782b80000)
 ParOldGen       total 160256K, used 21445K [0x00000006c3000000, 0x00000006ccc80000, 0x000000076bb00000)
  object space 160256K, 13% used [0x00000006c3000000,0x00000006c44f1598,0x00000006ccc80000)
 Metaspace       used 57625K, capacity 60024K, committed 60080K, reserved 1101824K
  class space    used 7897K, capacity 8366K, committed 8400K, reserved 1048576K
}
Event: 176.346 GC heap before
{Heap before GC invocations=12 (full 3):
 PSYoungGen      total 371712K, used 337033K [0x000000076bb00000, 0x0000000783d00000, 0x00000007c0000000)
  eden space 359424K, 93% used [0x000000076bb00000,0x0000000780422480,0x0000000781a00000)
  from space 12288K, 0% used [0x0000000783100000,0x0000000783100000,0x0000000783d00000)
  to   space 17920K, 0% used [0x0000000781a00000,0x0000000781a00000,0x0000000782b80000)
 ParOldGen       total 160256K, used 21445K [0x00000006c3000000, 0x00000006ccc80000, 0x000000076bb00000)
  object space 160256K, 13% used [0x00000006c3000000,0x00000006c44f1598,0x00000006ccc80000)
 Metaspace       used 80206K, capacity 84372K, committed 84656K, reserved 1122304K
  class space    used 11125K, capacity 12119K, committed 12240K, reserved 1048576K
Event: 176.363 GC heap after
Heap after GC invocations=12 (full 3):
 PSYoungGen      total 377344K, used 17914K [0x000000076bb00000, 0x000000078b580000, 0x00000007c0000000)
  eden space 359424K, 0% used [0x000000076bb00000,0x000000076bb00000,0x0000000781a00000)
  from space 17920K, 99% used [0x0000000781a00000,0x0000000782b7eb08,0x0000000782b80000)
  to   space 25600K, 0% used [0x0000000789c80000,0x0000000789c80000,0x000000078b580000)
 ParOldGen       total 160256K, used 34040K [0x00000006c3000000, 0x00000006ccc80000, 0x000000076bb00000)
  object space 160256K, 21% used [0x00000006c3000000,0x00000006c513e358,0x00000006ccc80000)
 Metaspace       used 80206K, capacity 84372K, committed 84656K, reserved 1122304K
  class space    used 11125K, capacity 12119K, committed 12240K, reserved 1048576K
}
Event: 176.363 GC heap before
{Heap before GC invocations=13 (full 4):
 PSYoungGen      total 377344K, used 17914K [0x000000076bb00000, 0x000000078b580000, 0x00000007c0000000)
  eden space 359424K, 0% used [0x000000076bb00000,0x000000076bb00000,0x0000000781a00000)
  from space 17920K, 99% used [0x0000000781a00000,0x0000000782b7eb08,0x0000000782b80000)
  to   space 25600K, 0% used [0x0000000789c80000,0x0000000789c80000,0x000000078b580000)
 ParOldGen       total 160256K, used 34040K [0x00000006c3000000, 0x00000006ccc80000, 0x000000076bb00000)
  object space 160256K, 21% used [0x00000006c3000000,0x00000006c513e358,0x00000006ccc80000)
 Metaspace       used 80206K, capacity 84372K, committed 84656K, reserved 1122304K
  class space    used 11125K, capacity 12119K, committed 12240K, reserved 1048576K
Event: 176.504 GC heap after
Heap after GC invocations=13 (full 4):
 PSYoungGen      total 377344K, used 0K [0x000000076bb00000, 0x000000078b580000, 0x00000007c0000000)
  eden space 359424K, 0% used [0x000000076bb00000,0x000000076bb00000,0x0000000781a00000)
  from space 17920K, 0% used [0x0000000781a00000,0x0000000781a00000,0x0000000782b80000)
  to   space 25600K, 0% used [0x0000000789c80000,0x0000000789c80000,0x000000078b580000)
 ParOldGen       total 160256K, used 45037K [0x00000006c3000000, 0x00000006ccc80000, 0x000000076bb00000)
  object space 160256K, 28% used [0x00000006c3000000,0x00000006c5bfb548,0x00000006ccc80000)
 Metaspace       used 80203K, capacity 84366K, committed 84656K, reserved 1122304K
  class space    used 11125K, capacity 12118K, committed 12240K, reserved 1048576K
}

Deoptimization events (10 events):
Event: 176.712 Thread 0x00000000249ae000 Uncommon trap: reason=class_check action=maybe_recompile pc=0x000000000413e904 method=org.springframework.core.annotation.AnnotationsScanner.processMethodHierarchy(Ljava/lang/Object;[ILjava/lang/Class;Lorg/springframework/core/annotation/AnnotationsProces
Event: 176.712 Thread 0x00000000249ae000 Uncommon trap: reason=predicate action=maybe_recompile pc=0x00000000042afbc4 method=java.util.AbstractCollection.toArray([Ljava/lang/Object;)[Ljava/lang/Object; @ 49
Event: 176.712 Thread 0x00000000249ae000 Uncommon trap: reason=class_check action=maybe_recompile pc=0x000000000413e904 method=org.springframework.core.annotation.AnnotationsScanner.processMethodHierarchy(Ljava/lang/Object;[ILjava/lang/Class;Lorg/springframework/core/annotation/AnnotationsProces
Event: 176.712 Thread 0x00000000249ae000 Uncommon trap: reason=class_check action=maybe_recompile pc=0x000000000413e904 method=org.springframework.core.annotation.AnnotationsScanner.processMethodHierarchy(Ljava/lang/Object;[ILjava/lang/Class;Lorg/springframework/core/annotation/AnnotationsProces
Event: 176.731 Thread 0x00000000249ae000 Uncommon trap: reason=class_check action=maybe_recompile pc=0x000000000413e904 method=org.springframework.core.annotation.AnnotationsScanner.processMethodHierarchy(Ljava/lang/Object;[ILjava/lang/Class;Lorg/springframework/core/annotation/AnnotationsProces
Event: 176.731 Thread 0x00000000249ae000 Uncommon trap: reason=array_check action=maybe_recompile pc=0x00000000042d5db0 method=java.util.AbstractCollection.toArray([Ljava/lang/Object;)[Ljava/lang/Object; @ 119
Event: 176.731 Thread 0x00000000249ae000 Uncommon trap: reason=array_check action=maybe_recompile pc=0x00000000042d5db0 method=java.util.AbstractCollection.toArray([Ljava/lang/Object;)[Ljava/lang/Object; @ 119
Event: 176.731 Thread 0x00000000249ae000 Uncommon trap: reason=array_check action=maybe_recompile pc=0x00000000042d5db0 method=java.util.AbstractCollection.toArray([Ljava/lang/Object;)[Ljava/lang/Object; @ 119
Event: 176.731 Thread 0x00000000249ae000 Uncommon trap: reason=array_check action=maybe_recompile pc=0x00000000042d5db0 method=java.util.AbstractCollection.toArray([Ljava/lang/Object;)[Ljava/lang/Object; @ 119
Event: 176.857 Thread 0x00000000249ae000 Uncommon trap: reason=bimorphic action=maybe_recompile pc=0x0000000003aeacac method=java.util.Collections$SetFromMap.contains(Ljava/lang/Object;)Z @ 5

Classes redefined (0 events):
No events

Internal exceptions (10 events):
Event: 177.044 Thread 0x00000000249ae000 Implicit null exception at 0x0000000003948405 to 0x0000000003948987
Event: 177.044 Thread 0x00000000249ae000 Exception <a 'java/lang/NullPointerException'> (0x00000007729262d8) thrown at [C:\re\workspace\8-2-build-windows-amd64-cygwin\jdk8u221\13320\hotspot\src\share\vm\runtime\sharedRuntime.cpp, line 605]
Event: 177.044 Thread 0x00000000249ae000 Implicit null exception at 0x0000000003948405 to 0x0000000003948987
Event: 177.044 Thread 0x00000000249ae000 Exception <a 'java/lang/NullPointerException'> (0x0000000772927c58) thrown at [C:\re\workspace\8-2-build-windows-amd64-cygwin\jdk8u221\13320\hotspot\src\share\vm\runtime\sharedRuntime.cpp, line 605]
Event: 177.044 Thread 0x00000000249ae000 Implicit null exception at 0x0000000003948405 to 0x0000000003948987
Event: 177.044 Thread 0x00000000249ae000 Exception <a 'java/lang/NullPointerException'> (0x00000007729288f0) thrown at [C:\re\workspace\8-2-build-windows-amd64-cygwin\jdk8u221\13320\hotspot\src\share\vm\runtime\sharedRuntime.cpp, line 605]
Event: 177.044 Thread 0x00000000249ae000 Implicit null exception at 0x0000000003948405 to 0x0000000003948987
Event: 177.044 Thread 0x00000000249ae000 Exception <a 'java/lang/NullPointerException'> (0x0000000772929580) thrown at [C:\re\workspace\8-2-build-windows-amd64-cygwin\jdk8u221\13320\hotspot\src\share\vm\runtime\sharedRuntime.cpp, line 605]
Event: 177.044 Thread 0x00000000249ae000 Implicit null exception at 0x0000000003948405 to 0x0000000003948987
Event: 177.044 Thread 0x00000000249ae000 Exception <a 'java/lang/NullPointerException'> (0x000000077292a178) thrown at [C:\re\workspace\8-2-build-windows-amd64-cygwin\jdk8u221\13320\hotspot\src\share\vm\runtime\sharedRuntime.cpp, line 605]

Events (10 events):
Event: 177.122 Executing VM operation: RevokeBias
Event: 177.122 Executing VM operation: RevokeBias done
Event: 177.122 Executing VM operation: RevokeBias
Event: 177.122 Executing VM operation: RevokeBias done
Event: 177.122 Executing VM operation: RevokeBias
Event: 177.122 Executing VM operation: RevokeBias done
Event: 177.122 Executing VM operation: RevokeBias
Event: 177.122 Executing VM operation: RevokeBias done
Event: 177.122 Executing VM operation: RevokeBias
Event: 177.122 Executing VM operation: RevokeBias done


Dynamic libraries:
0x00007ff673d80000 - 0x00007ff673db7000 	D:\Java\jdk1.8.0_221\bin\javaw.exe
0x00007ffba8cc0000 - 0x00007ffba8ead000 	C:\Windows\SYSTEM32\ntdll.dll
0x00007ffba6060000 - 0x00007ffba6113000 	C:\Windows\System32\KERNEL32.DLL
0x00007ffba5110000 - 0x00007ffba53a3000 	C:\Windows\System32\KERNELBASE.dll
0x00007ffba8b40000 - 0x00007ffba8be3000 	C:\Windows\System32\ADVAPI32.dll
0x00007ffba8bf0000 - 0x00007ffba8c8e000 	C:\Windows\System32\msvcrt.dll
0x00007ffba8a20000 - 0x00007ffba8abe000 	C:\Windows\System32\sechost.dll
0x00007ffba7ae0000 - 0x00007ffba7c02000 	C:\Windows\System32\RPCRT4.dll
0x00007ffba8820000 - 0x00007ffba89b7000 	C:\Windows\System32\USER32.dll
0x00007ffba5ec0000 - 0x00007ffba5ee0000 	C:\Windows\System32\win32u.dll
0x00007ffba8b10000 - 0x00007ffba8b39000 	C:\Windows\System32\GDI32.dll
0x00007ffba4f70000 - 0x00007ffba5109000 	C:\Windows\System32\gdi32full.dll
0x00007ffba4dd0000 - 0x00007ffba4e70000 	C:\Windows\System32\msvcp_win.dll
0x00007ffba4e70000 - 0x00007ffba4f6a000 	C:\Windows\System32\ucrtbase.dll
0x00007ffb8c540000 - 0x00007ffb8c7b9000 	C:\Windows\WinSxS\amd64_microsoft.windows.common-controls_6595b64144ccf1df_6.0.17763.802_none_05b1445c0722d2cc\COMCTL32.dll
0x00007ffba76e0000 - 0x00007ffba7a0c000 	C:\Windows\System32\combase.dll
0x00007ffba5e20000 - 0x00007ffba5e9e000 	C:\Windows\System32\bcryptPrimitives.dll
0x00007ffba8ac0000 - 0x00007ffba8aee000 	C:\Windows\System32\IMM32.DLL
0x00007ffb71d40000 - 0x00007ffb71e5f000 	C:\Program Files\Diebold\Warsaw\wslbscr64.dll
0x00007ffba6180000 - 0x00007ffba7674000 	C:\Windows\System32\SHELL32.dll
0x00007ffba4d80000 - 0x00007ffba4dca000 	C:\Windows\System32\cfgmgr32.dll
0x00007ffba5fb0000 - 0x00007ffba6058000 	C:\Windows\System32\shcore.dll
0x00007ffba53b0000 - 0x00007ffba5afd000 	C:\Windows\System32\windows.storage.dll
0x00007ffba4d50000 - 0x00007ffba4d74000 	C:\Windows\System32\profapi.dll
0x00007ffba4cb0000 - 0x00007ffba4d0d000 	C:\Windows\System32\powrprof.dll
0x00007ffba7680000 - 0x00007ffba76d2000 	C:\Windows\System32\shlwapi.dll
0x00007ffba4d10000 - 0x00007ffba4d21000 	C:\Windows\System32\kernel.appcore.dll
0x00007ffba5ea0000 - 0x00007ffba5eb7000 	C:\Windows\System32\cryptsp.dll
0x00007ffba47b0000 - 0x00007ffba47e1000 	C:\Windows\SYSTEM32\ntmarta.dll
0x00007ffb73ad0000 - 0x00007ffb73bcc000 	C:\Program Files\Diebold\Warsaw\wslbscrwh64.dll
0x000000005dc20000 - 0x000000005dcf2000 	D:\Java\jdk1.8.0_221\jre\bin\msvcr100.dll
0x000000005d370000 - 0x000000005dc15000 	D:\Java\jdk1.8.0_221\jre\bin\server\jvm.dll
0x00007ffba8b00000 - 0x00007ffba8b08000 	C:\Windows\System32\PSAPI.DLL
0x00007ffb8afd0000 - 0x00007ffb8afd9000 	C:\Windows\SYSTEM32\WSOCK32.dll
0x00007ffba8240000 - 0x00007ffba82ad000 	C:\Windows\System32\WS2_32.dll
0x00007ffba0b50000 - 0x00007ffba0b74000 	C:\Windows\SYSTEM32\WINMM.dll
0x00007ffba30c0000 - 0x00007ffba30ca000 	C:\Windows\SYSTEM32\VERSION.dll
0x00007ffba0b20000 - 0x00007ffba0b4d000 	C:\Windows\SYSTEM32\WINMMBASE.dll
0x00007ffb8da70000 - 0x00007ffb8da7f000 	D:\Java\jdk1.8.0_221\jre\bin\verify.dll
0x00007ffb80880000 - 0x00007ffb808a9000 	D:\Java\jdk1.8.0_221\jre\bin\java.dll
0x00007ffb82440000 - 0x00007ffb82456000 	D:\Java\jdk1.8.0_221\jre\bin\zip.dll
0x00007ffb8d3e0000 - 0x00007ffb8d3ed000 	D:\Java\jdk1.8.0_221\jre\bin\management.dll
0x00007ffb81b40000 - 0x00007ffb81b5a000 	D:\Java\jdk1.8.0_221\jre\bin\net.dll
0x00007ffb91300000 - 0x00007ffb914d7000 	C:\Windows\SYSTEM32\urlmon.dll
0x00007ffb91d60000 - 0x00007ffb92008000 	C:\Windows\SYSTEM32\iertutil.dll
0x00007ffba4270000 - 0x00007ffba427c000 	C:\Windows\SYSTEM32\CRYPTBASE.DLL
0x00007ffba40f0000 - 0x00007ffba4157000 	C:\Windows\system32\mswsock.dll
0x00007ffb778f0000 - 0x00007ffb77906000 	C:\Windows\system32\napinsp.dll
0x00007ffb75570000 - 0x00007ffb7558a000 	C:\Windows\system32\pnrpnsp.dll
0x00007ffba3e70000 - 0x00007ffba3f36000 	C:\Windows\SYSTEM32\DNSAPI.dll
0x00007ffba83e0000 - 0x00007ffba83e8000 	C:\Windows\System32\NSI.dll
0x00007ffba3e20000 - 0x00007ffba3e5d000 	C:\Windows\SYSTEM32\IPHLPAPI.DLL
0x00007ffb781b0000 - 0x00007ffb781be000 	C:\Windows\System32\winrnr.dll
0x00007ffba0d70000 - 0x00007ffba0d8b000 	C:\Windows\system32\NLAapi.dll
0x00007ffb96670000 - 0x00007ffb96685000 	C:\Windows\system32\wshbth.dll
0x00007ffb94090000 - 0x00007ffb9409a000 	C:\Windows\System32\rasadhlp.dll
0x00007ffb95840000 - 0x00007ffb958b9000 	C:\Windows\System32\fwpuclnt.dll
0x00007ffba5df0000 - 0x00007ffba5e16000 	C:\Windows\System32\bcrypt.dll
0x00007ffb95da0000 - 0x00007ffb95db6000 	C:\Windows\SYSTEM32\dhcpcsvc6.DLL
0x00007ffb95d80000 - 0x00007ffb95d9c000 	C:\Windows\SYSTEM32\dhcpcsvc.DLL
0x00007ffba3c80000 - 0x00007ffba3cb3000 	C:\Windows\system32\rsaenh.dll
0x00007ffba4be0000 - 0x00007ffba4c08000 	C:\Windows\SYSTEM32\USERENV.dll
0x00007ffb80840000 - 0x00007ffb80852000 	D:\Java\jdk1.8.0_221\jre\bin\nio.dll
0x00007ffba0470000 - 0x00007ffba0494000 	D:\Java\jdk1.8.0_221\jre\bin\sunec.dll

VM Arguments:
jvm_args: -Dfile.encoding=UTF-8 
java_command: br.com.marcelowacha.DockerCrudApplication
java_class_path (initial): D:\Java\workspace\sprinkGDS\DockerCrud\target\classes;C:\Users\marce\.m2\repository\org\springframework\boot\spring-boot-starter-data-jpa\2.2.0.RELEASE\spring-boot-starter-data-jpa-2.2.0.RELEASE.jar;C:\Users\marce\.m2\repository\org\springframework\boot\spring-boot-starter-aop\2.2.0.RELEASE\spring-boot-starter-aop-2.2.0.RELEASE.jar;C:\Users\marce\.m2\repository\org\springframework\spring-aop\5.2.0.RELEASE\spring-aop-5.2.0.RELEASE.jar;C:\Users\marce\.m2\repository\org\aspectj\aspectjweaver\1.9.4\aspectjweaver-1.9.4.jar;C:\Users\marce\.m2\repository\org\springframework\boot\spring-boot-starter-jdbc\2.2.0.RELEASE\spring-boot-starter-jdbc-2.2.0.RELEASE.jar;C:\Users\marce\.m2\repository\com\zaxxer\HikariCP\3.4.1\HikariCP-3.4.1.jar;C:\Users\marce\.m2\repository\org\springframework\spring-jdbc\5.2.0.RELEASE\spring-jdbc-5.2.0.RELEASE.jar;C:\Users\marce\.m2\repository\jakarta\activation\jakarta.activation-api\1.2.1\jakarta.activation-api-1.2.1.jar;C:\Users\marce\.m2\repository\jakarta\persistence\jakarta.persistence-api\2.2.3\jakarta.persistence-api-2.2.3.jar;C:\Users\marce\.m2\repository\jakarta\transaction\jakarta.transaction-api\1.3.3\jakarta.transaction-api-1.3.3.jar;C:\Users\marce\.m2\repository\org\hibernate\hibernate-core\5.4.6.Final\hibernate-core-5.4.6.Final.jar;C:\Users\marce\.m2\repository\org\jboss\logging\jboss-logging\3.4.1.Final\jboss-logging-3.4.1.Final.jar;C:\Users\marce\.m2\repository\org\javassist\javassist\3.24.0-GA\javassist-3.24.0-GA.jar;C:\Users\marce\.m2\repository\net\bytebuddy\byte-buddy\1.10.1\byte-buddy-1.10.1.jar;C:\Users\marce\.m2\repository\antlr\antlr\2.7.7\antlr-2.7.7.jar;C:\Users\marce\.m2\repository\org\jboss\jandex\2.0.5.Final\jandex-2.0.5.Final.jar;C:\Users\marce\.m2\repository\com\fasterxml\classmate\1.5.0\classmate-1.5.0.jar;C:\Users\marce\.m2\repository\org\dom4j\dom4j\2.1.1\dom4j-2.1.1.jar;C:\Users\marce\.m2\repository\org\hibernate\common\hibernate-commons-annotations\5.1.0.Final\hibernate-commons-annotat
Launcher Type: SUN_STANDARD

Environment Variables:
JAVA_HOME=D:\Java\jdk1.8.0_221
PATH=C:/Program Files/Java/jre1.8.0_221/bin/server;C:/Program Files/Java/jre1.8.0_221/bin;C:/Program Files/Java/jre1.8.0_221/lib/amd64;C:\ProgramData\DockerDesktop\version-bin;C:\Program Files\Docker\Docker\Resources\bin;C:\Program Files (x86)\Common Files\Oracle\Java\javapath;C:\Program Files (x86)\Intel\Intel(R) Management Engine Components\iCLS\;C:\Program Files\Intel\Intel(R) Management Engine Components\iCLS\;C:\Windows\system32;C:\Windows;C:\Windows\System32\Wbem;C:\Windows\System32\WindowsPowerShell\v1.0\;C:\Windows\System32\OpenSSH\;C:\Program Files (x86)\Intel\Intel(R) Management Engine Components\DAL;C:\Program Files\Intel\Intel(R) Management Engine Components\DAL;C:\Program Files (x86)\NVIDIA Corporation\PhysX\Common;C:\Program Files\TortoiseSVN\bin;C:\Program Files\nodejs\;C:\Program Files\Intel\WiFi\bin\;C:\Program Files\Common Files\Intel\WirelessCommon\;C:\Program Files\PuTTY\;C:\Program Files\Git\cmd;d:\gradle-5.6.2\bin;D:\apache-maven-3.6.2\bin;C:\Users\marce\AppData\Local\Microsoft\WindowsApps;D:\Microsoft VS Code\bin;C:\Users\marce\AppData\Roaming\npm;D:\Android\sdk\build-tools\29.0.1;D:\Java\jdk1.8.0_221\bin;d:\heroku\bin;C:\Users\marce\AppData\Local\atom\bin;D:\Java\Ferramentas\sts-bundle\sts-3.9.8.RELEASE;
USERNAME=marce
OS=Windows_NT
PROCESSOR_IDENTIFIER=Intel64 Family 6 Model 142 Stepping 11, GenuineIntel



---------------  S Y S T E M  ---------------

OS: Windows 10.0 , 64 bit Build 17763 (10.0.17763.475)

CPU:total 8 (initial active 8) (4 cores per cpu, 2 threads per core) family 6 model 142 stepping 11, cmov, cx8, fxsr, mmx, sse, sse2, sse3, ssse3, sse4.1, sse4.2, popcnt, avx, avx2, aes, clmul, erms, 3dnowpref, lzcnt, ht, tsc, tscinvbit, bmi1, bmi2, adx

Memory: 4k page, physical 16580012k(1830904k free), swap 30166056k(11144k free)

vm_info: Java HotSpot(TM) 64-Bit Server VM (25.221-b11) for windows-amd64 JRE (1.8.0_221-b11), built on Jul  4 2019 04:39:29 by "java_re" with MS VC++ 10.0 (VS2010)

time: Mon Nov 04 11:02:46 2019
timezone: Hora oficial do Brasil
elapsed time: 177 seconds (0d 0h 2m 57s)

